#
# There is insufficient memory for the Java Runtime Environment to continue.
# Native memory allocation (malloc) failed to allocate 1245216 bytes. Error detail: Chunk::new
# Possible reasons:
#   The system is out of physical RAM or swap space
#   This process is running with CompressedOops enabled, and the Java Heap may be blocking the growth of the native heap
# Possible solutions:
#   Reduce memory load on the system
#   Increase physical memory or swap space
#   Check if swap backing store is full
#   Decrease Java heap size (-Xmx/-Xms)
#   Decrease number of Java threads
#   Decrease Java thread stack sizes (-Xss)
#   Set larger code cache with -XX:ReservedCodeCacheSize=
#   JVM is running with Unscaled Compressed Oops mode in which the Java heap is
#     placed in the first 4GB address space. The Java Heap base address is the
#     maximum limit for the native heap growth. Please use -XX:HeapBaseMinAddress
#     to set the Java Heap base and to place the Java Heap above 4GB virtual address.
# This output file may be truncated or incomplete.
#
#  Out of Memory Error (arena.cpp:150), pid=23664, tid=3276
#
# JRE version: Java(TM) SE Runtime Environment (22.0.1+8) (build 22.0.1+8-16)
# Java VM: Java HotSpot(TM) 64-Bit Server VM (22.0.1+8-16, mixed mode, sharing, tiered, compressed oops, compressed class ptrs, g1 gc, windows-amd64)
# No core dump will be written. Minidumps are not enabled by default on client versions of Windows
#

---------------  S U M M A R Y ------------

Command Line: -javaagent:C:\Program Files\JetBrains\IntelliJ IDEA Community Edition 2024.1.4\lib\idea_rt.jar=54083:C:\Program Files\JetBrains\IntelliJ IDEA Community Edition 2024.1.4\bin -Dfile.encoding=UTF-8 -Dsun.stdout.encoding=UTF-8 -Dsun.stderr.encoding=UTF-8 com.example.airBnb.demo.DemoApplication

Host: Intel(R) Core(TM) i5-10300H CPU @ 2.50GHz, 8 cores, 7G,  Windows 11 , 64 bit Build 26100 (10.0.26100.3323)
Time: Fri Mar 28 18:27:14 2025 India Standard Time elapsed time: 13.204582 seconds (0d 0h 0m 13s)

---------------  T H R E A D  ---------------

Current thread (0x000001bd9f1a9560):  JavaThread "C2 CompilerThread0" daemon [_thread_in_native, id=3276, stack(0x000000065f100000,0x000000065f200000) (1024K)]


Current CompileTask:
C2:13204 5580       4       org.springframework.core.annotation.AnnotationsScanner::scan (21 bytes)

Stack: [0x000000065f100000,0x000000065f200000]
Native frames: (J=compiled Java code, j=interpreted, Vv=VM code, C=native code)
V  [jvm.dll+0x6e2279]  (no source info available)
V  [jvm.dll+0x874e33]  (no source info available)
V  [jvm.dll+0x87725e]  (no source info available)
V  [jvm.dll+0x877933]  (no source info available)
V  [jvm.dll+0x27fd76]  (no source info available)
V  [jvm.dll+0xc3d0f]  (no source info available)
V  [jvm.dll+0xc3f6b]  (no source info available)
V  [jvm.dll+0x2f3c2f]  (no source info available)
V  [jvm.dll+0x60bc9a]  (no source info available)
V  [jvm.dll+0x249a35]  (no source info available)
V  [jvm.dll+0x246ec6]  (no source info available)
V  [jvm.dll+0x1c4e90]  (no source info available)
V  [jvm.dll+0x2569fe]  (no source info available)
V  [jvm.dll+0x254cba]  (no source info available)
V  [jvm.dll+0x3f5336]  (no source info available)
V  [jvm.dll+0x81d44b]  (no source info available)
V  [jvm.dll+0x6e0915]  (no source info available)
C  [ucrtbase.dll+0x37b0]  (no source info available)
C  [KERNEL32.DLL+0x2e8d7]  (no source info available)
C  [ntdll.dll+0xbbf6c]  (no source info available)


---------------  P R O C E S S  ---------------

Threads class SMR info:
_java_thread_list=0x000001bde880e600, length=19, elements={
0x000001bd8063ded0, 0x000001bd9f18c190, 0x000001bd9f18d720, 0x000001bd9f191700,
0x000001bd9f192df0, 0x000001bd9f2e01c0, 0x000001bd9f2e1680, 0x000001bd9f1a9560,
0x000001bd9f1a9d50, 0x000001bd9f155950, 0x000001bd9f5609b0, 0x000001bd9f55c2d0,
0x000001bde70e1990, 0x000001bde5a38000, 0x000001bde5a38670, 0x000001bde6de13d0,
0x000001bde9ebdae0, 0x000001bd9f40c9e0, 0x000001bde7a01f00
}

Java Threads: ( => current thread )
  0x000001bd8063ded0 JavaThread "main"                              [_thread_in_vm, id=17592, stack(0x000000065e300000,0x000000065e400000) (1024K)]
  0x000001bd9f18c190 JavaThread "Reference Handler"          daemon [_thread_blocked, id=8316, stack(0x000000065eb00000,0x000000065ec00000) (1024K)]
  0x000001bd9f18d720 JavaThread "Finalizer"                  daemon [_thread_blocked, id=19196, stack(0x000000065ec00000,0x000000065ed00000) (1024K)]
  0x000001bd9f191700 JavaThread "Signal Dispatcher"          daemon [_thread_blocked, id=36492, stack(0x000000065ed00000,0x000000065ee00000) (1024K)]
  0x000001bd9f192df0 JavaThread "Attach Listener"            daemon [_thread_blocked, id=25648, stack(0x000000065ee00000,0x000000065ef00000) (1024K)]
  0x000001bd9f2e01c0 JavaThread "Service Thread"             daemon [_thread_blocked, id=15312, stack(0x000000065ef00000,0x000000065f000000) (1024K)]
  0x000001bd9f2e1680 JavaThread "Monitor Deflation Thread"   daemon [_thread_blocked, id=37756, stack(0x000000065f000000,0x000000065f100000) (1024K)]
=>0x000001bd9f1a9560 JavaThread "C2 CompilerThread0"         daemon [_thread_in_native, id=3276, stack(0x000000065f100000,0x000000065f200000) (1024K)]
  0x000001bd9f1a9d50 JavaThread "C1 CompilerThread0"         daemon [_thread_in_native, id=27900, stack(0x000000065f200000,0x000000065f300000) (1024K)]
  0x000001bd9f155950 JavaThread "Common-Cleaner"             daemon [_thread_blocked, id=36808, stack(0x000000065f300000,0x000000065f400000) (1024K)]
  0x000001bd9f5609b0 JavaThread "Monitor Ctrl-Break"         daemon [_thread_in_native, id=20944, stack(0x000000065f500000,0x000000065f600000) (1024K)]
  0x000001bd9f55c2d0 JavaThread "Notification Thread"        daemon [_thread_blocked, id=36144, stack(0x000000065f600000,0x000000065f700000) (1024K)]
  0x000001bde70e1990 JavaThread "Catalina-utility-1"                [_thread_blocked, id=32640, stack(0x0000000660000000,0x0000000660100000) (1024K)]
  0x000001bde5a38000 JavaThread "Catalina-utility-2"                [_thread_blocked, id=22016, stack(0x0000000660100000,0x0000000660200000) (1024K)]
  0x000001bde5a38670 JavaThread "container-0"                       [_thread_blocked, id=472, stack(0x0000000660200000,0x0000000660300000) (1024K)]
  0x000001bde6de13d0 JavaThread "PostgreSQL-JDBC-Cleaner"    daemon [_thread_blocked, id=20580, stack(0x0000000660400000,0x0000000660500000) (1024K)]
  0x000001bde9ebdae0 JavaThread "HikariPool-1 housekeeper"   daemon [_thread_blocked, id=23180, stack(0x0000000660500000,0x0000000660600000) (1024K)]
  0x000001bd9f40c9e0 JavaThread "C2 CompilerThread1"         daemon [_thread_in_native, id=13792, stack(0x000000065f400000,0x000000065f500000) (1024K)]
  0x000001bde7a01f00 JavaThread "C2 CompilerThread2"         daemon [_thread_in_native, id=35824, stack(0x000000065fd00000,0x000000065fe00000) (1024K)]
Total: 19

Other Threads:
  0x000001bd9f16d000 VMThread "VM Thread"                           [id=8036, stack(0x000000065ea00000,0x000000065eb00000) (1024K)]
  0x000001bd9f1552b0 WatcherThread "VM Periodic Task Thread"        [id=19992, stack(0x000000065e900000,0x000000065ea00000) (1024K)]
  0x000001bd829ca7e0 WorkerThread "GC Thread#0"                     [id=21552, stack(0x000000065e400000,0x000000065e500000) (1024K)]
  0x000001bd9fa078a0 WorkerThread "GC Thread#1"                     [id=25240, stack(0x000000065f700000,0x000000065f800000) (1024K)]
  0x000001bde513eb20 WorkerThread "GC Thread#2"                     [id=32000, stack(0x000000065f800000,0x000000065f900000) (1024K)]
  0x000001bde51a69b0 WorkerThread "GC Thread#3"                     [id=33392, stack(0x000000065f900000,0x000000065fa00000) (1024K)]
  0x000001bde51a6d60 WorkerThread "GC Thread#4"                     [id=29628, stack(0x000000065fa00000,0x000000065fb00000) (1024K)]
  0x000001bde51a7590 WorkerThread "GC Thread#5"                     [id=26836, stack(0x000000065fb00000,0x000000065fc00000) (1024K)]
  0x000001bde57dc7f0 WorkerThread "GC Thread#6"                     [id=35352, stack(0x000000065fe00000,0x000000065ff00000) (1024K)]
  0x000001bde5818240 WorkerThread "GC Thread#7"                     [id=36876, stack(0x000000065ff00000,0x0000000660000000) (1024K)]
  0x000001bd829db4d0 ConcurrentGCThread "G1 Main Marker"            [id=15996, stack(0x000000065e500000,0x000000065e600000) (1024K)]
  0x000001bd829de350 WorkerThread "G1 Conc#0"                       [id=22436, stack(0x000000065e600000,0x000000065e700000) (1024K)]
  0x000001bde59c7900 WorkerThread "G1 Conc#1"                       [id=28084, stack(0x000000065fc00000,0x000000065fd00000) (1024K)]
  0x000001bd9f021140 ConcurrentGCThread "G1 Refine#0"               [id=32412, stack(0x000000065e700000,0x000000065e800000) (1024K)]
  0x000001bd9f021770 ConcurrentGCThread "G1 Service"                [id=22480, stack(0x000000065e800000,0x000000065e900000) (1024K)]
Total: 15

Threads with active compile tasks:
C2 CompilerThread0  15524 5580       4       org.springframework.core.annotation.AnnotationsScanner::scan (21 bytes)
C1 CompilerThread0  15524 5664       3       org.springframework.data.mapping.model.AnnotationBasedPersistentProperty$$Lambda/0x000001bda18413d0::apply (8 bytes)
C2 CompilerThread1  15524 5586   !   4       org.springframework.util.ReflectionUtils::doWithMethods (189 bytes)
C2 CompilerThread2  15524 5600   !   4       org.springframework.core.annotation.AnnotationsScanner::processMethodHierarchy (276 bytes)
Total: 4

VM state: not at safepoint (normal execution)

VM Mutex/Monitor currently owned by a thread: None

Heap address: 0x0000000082800000, size: 2008 MB, Compressed Oops mode: 32-bit

CDS archive(s) mapped at: [0x000001bda0000000-0x000001bda0c60000-0x000001bda0c60000), size 12976128, SharedBaseAddress: 0x000001bda0000000, ArchiveRelocationMode: 1.
Compressed class space mapped at: 0x000001bda1000000-0x000001bde1000000, reserved size: 1073741824
Narrow klass base: 0x000001bda0000000, Narrow klass shift: 0, Narrow klass range: 0x41000000

GC Precious Log:
 CardTable entry size: 512
 Card Set container configuration: InlinePtr #cards 5 size 8 Array Of Cards #cards 12 size 40 Howl #buckets 4 coarsen threshold 1843 Howl Bitmap #cards 512 size 80 coarsen threshold 460 Card regions per heap region 1 cards per card region 2048
 CPUs: 8 total, 8 available
 Memory: 8029M
 Large Page Support: Disabled
 NUMA Support: Disabled
 Compressed Oops: Enabled (32-bit)
 Heap Region Size: 1M
 Heap Min Capacity: 8M
 Heap Initial Capacity: 126M
 Heap Max Capacity: 2008M
 Pre-touch: Disabled
 Parallel Workers: 8
 Concurrent Workers: 2
 Concurrent Refinement Workers: 8
 Periodic GC: Disabled

Heap:
 garbage-first heap   total reserved 2056192K, committed 66560K, used 31483K [0x0000000082800000, 0x0000000100000000)
  region size 1024K, 11 young (11264K), 5 survivors (5120K)
 Metaspace       used 59031K, committed 59712K, reserved 1114112K
  class space    used 8127K, committed 8448K, reserved 1048576K

Heap Regions: E=young(eden), S=young(survivor), O=old, HS=humongous(starts), HC=humongous(continues), CS=collection set, F=free, TAMS=top-at-mark-start, PB=parsable bottom
|   0|0x0000000082800000, 0x0000000082900000, 0x0000000082900000|100%|HS|  |TAMS 0x0000000082800000| PB 0x0000000082800000| Complete |  0
|   1|0x0000000082900000, 0x0000000082a00000, 0x0000000082a00000|100%|HS|  |TAMS 0x0000000082900000| PB 0x0000000082900000| Complete |  0
|   2|0x0000000082a00000, 0x0000000082b00000, 0x0000000082b00000|100%|HS|  |TAMS 0x0000000082a00000| PB 0x0000000082a00000| Complete |  0
|   3|0x0000000082b00000, 0x0000000082c00000, 0x0000000082c00000|100%| O|  |TAMS 0x0000000082b00000| PB 0x0000000082b00000| Untracked |  0
|   4|0x0000000082c00000, 0x0000000082d00000, 0x0000000082d00000|100%| O|  |TAMS 0x0000000082c00000| PB 0x0000000082c00000| Untracked |  0
|   5|0x0000000082d00000, 0x0000000082e00000, 0x0000000082e00000|100%| O|  |TAMS 0x0000000082d00000| PB 0x0000000082d00000| Untracked |  0
|   6|0x0000000082e00000, 0x0000000082f00000, 0x0000000082f00000|100%| O|  |TAMS 0x0000000082e00000| PB 0x0000000082e00000| Untracked |  0
|   7|0x0000000082f00000, 0x0000000083000000, 0x0000000083000000|100%| O|  |TAMS 0x0000000082f00000| PB 0x0000000082f00000| Untracked |  0
|   8|0x0000000083000000, 0x0000000083100000, 0x0000000083100000|100%| O|  |TAMS 0x0000000083000000| PB 0x0000000083000000| Untracked |  0
|   9|0x0000000083100000, 0x0000000083200000, 0x0000000083200000|100%| O|  |TAMS 0x0000000083100000| PB 0x0000000083100000| Untracked |  0
|  10|0x0000000083200000, 0x0000000083300000, 0x0000000083300000|100%| O|  |TAMS 0x0000000083200000| PB 0x0000000083200000| Untracked |  0
|  11|0x0000000083300000, 0x0000000083400000, 0x0000000083400000|100%| O|  |TAMS 0x0000000083300000| PB 0x0000000083300000| Untracked |  0
|  12|0x0000000083400000, 0x0000000083500000, 0x0000000083500000|100%| O|  |TAMS 0x0000000083400000| PB 0x0000000083400000| Untracked |  0
|  13|0x0000000083500000, 0x0000000083600000, 0x0000000083600000|100%| O|  |TAMS 0x0000000083500000| PB 0x0000000083500000| Untracked |  0
|  14|0x0000000083600000, 0x0000000083700000, 0x0000000083700000|100%| O|  |TAMS 0x0000000083600000| PB 0x0000000083600000| Untracked |  0
|  15|0x0000000083700000, 0x0000000083800000, 0x0000000083800000|100%| O|  |TAMS 0x0000000083700000| PB 0x0000000083700000| Untracked |  0
|  16|0x0000000083800000, 0x0000000083900000, 0x0000000083900000|100%| O|  |TAMS 0x0000000083800000| PB 0x0000000083800000| Untracked |  0
|  17|0x0000000083900000, 0x0000000083a00000, 0x0000000083a00000|100%| O|  |TAMS 0x0000000083900000| PB 0x0000000083900000| Untracked |  0
|  18|0x0000000083a00000, 0x0000000083b00000, 0x0000000083b00000|100%| O|  |TAMS 0x0000000083a00000| PB 0x0000000083a00000| Untracked |  0
|  19|0x0000000083b00000, 0x0000000083c00000, 0x0000000083c00000|100%| O|  |TAMS 0x0000000083b00000| PB 0x0000000083b00000| Untracked |  0
|  20|0x0000000083c00000, 0x0000000083d00000, 0x0000000083d00000|100%| O|  |TAMS 0x0000000083c00000| PB 0x0000000083c00000| Untracked |  0
|  21|0x0000000083d00000, 0x0000000083d90478, 0x0000000083e00000| 56%| O|  |TAMS 0x0000000083d00000| PB 0x0000000083d00000| Untracked |  0
|  22|0x0000000083e00000, 0x0000000083e00000, 0x0000000083f00000|  0%| F|  |TAMS 0x0000000083e00000| PB 0x0000000083e00000| Untracked |  0
|  23|0x0000000083f00000, 0x0000000083f00000, 0x0000000084000000|  0%| F|  |TAMS 0x0000000083f00000| PB 0x0000000083f00000| Untracked |  0
|  24|0x0000000084000000, 0x0000000084000000, 0x0000000084100000|  0%| F|  |TAMS 0x0000000084000000| PB 0x0000000084000000| Untracked |  0
|  25|0x0000000084100000, 0x000000008412e970, 0x0000000084200000| 18%| S|CS|TAMS 0x0000000084100000| PB 0x0000000084100000| Complete |  0
|  26|0x0000000084200000, 0x0000000084300000, 0x0000000084300000|100%| S|CS|TAMS 0x0000000084200000| PB 0x0000000084200000| Complete |  0
|  27|0x0000000084300000, 0x0000000084400000, 0x0000000084400000|100%| S|CS|TAMS 0x0000000084300000| PB 0x0000000084300000| Complete |  0
|  28|0x0000000084400000, 0x0000000084400000, 0x0000000084500000|  0%| F|  |TAMS 0x0000000084400000| PB 0x0000000084400000| Untracked |  0
|  29|0x0000000084500000, 0x0000000084500000, 0x0000000084600000|  0%| F|  |TAMS 0x0000000084500000| PB 0x0000000084500000| Untracked |  0
|  30|0x0000000084600000, 0x0000000084600000, 0x0000000084700000|  0%| F|  |TAMS 0x0000000084600000| PB 0x0000000084600000| Untracked |  0
|  31|0x0000000084700000, 0x0000000084700000, 0x0000000084800000|  0%| F|  |TAMS 0x0000000084700000| PB 0x0000000084700000| Untracked |  0
|  32|0x0000000084800000, 0x0000000084900000, 0x0000000084900000|100%| S|CS|TAMS 0x0000000084800000| PB 0x0000000084800000| Complete |  0
|  33|0x0000000084900000, 0x0000000084a00000, 0x0000000084a00000|100%| S|CS|TAMS 0x0000000084900000| PB 0x0000000084900000| Complete |  0
|  34|0x0000000084a00000, 0x0000000084a00000, 0x0000000084b00000|  0%| F|  |TAMS 0x0000000084a00000| PB 0x0000000084a00000| Untracked |  0
|  35|0x0000000084b00000, 0x0000000084b00000, 0x0000000084c00000|  0%| F|  |TAMS 0x0000000084b00000| PB 0x0000000084b00000| Untracked |  0
|  36|0x0000000084c00000, 0x0000000084c00000, 0x0000000084d00000|  0%| F|  |TAMS 0x0000000084c00000| PB 0x0000000084c00000| Untracked |  0
|  37|0x0000000084d00000, 0x0000000084d00000, 0x0000000084e00000|  0%| F|  |TAMS 0x0000000084d00000| PB 0x0000000084d00000| Untracked |  0
|  38|0x0000000084e00000, 0x0000000084e00000, 0x0000000084f00000|  0%| F|  |TAMS 0x0000000084e00000| PB 0x0000000084e00000| Untracked |  0
|  39|0x0000000084f00000, 0x0000000084f00000, 0x0000000085000000|  0%| F|  |TAMS 0x0000000084f00000| PB 0x0000000084f00000| Untracked |  0
|  40|0x0000000085000000, 0x0000000085000000, 0x0000000085100000|  0%| F|  |TAMS 0x0000000085000000| PB 0x0000000085000000| Untracked |  0
|  41|0x0000000085100000, 0x0000000085100000, 0x0000000085200000|  0%| F|  |TAMS 0x0000000085100000| PB 0x0000000085100000| Untracked |  0
|  42|0x0000000085200000, 0x0000000085200000, 0x0000000085300000|  0%| F|  |TAMS 0x0000000085200000| PB 0x0000000085200000| Untracked |  0
|  43|0x0000000085300000, 0x0000000085300000, 0x0000000085400000|  0%| F|  |TAMS 0x0000000085300000| PB 0x0000000085300000| Untracked |  0
|  44|0x0000000085400000, 0x0000000085400000, 0x0000000085500000|  0%| F|  |TAMS 0x0000000085400000| PB 0x0000000085400000| Untracked |  0
|  45|0x0000000085500000, 0x0000000085500000, 0x0000000085600000|  0%| F|  |TAMS 0x0000000085500000| PB 0x0000000085500000| Untracked |  0
|  46|0x0000000085600000, 0x0000000085600000, 0x0000000085700000|  0%| F|  |TAMS 0x0000000085600000| PB 0x0000000085600000| Untracked |  0
|  47|0x0000000085700000, 0x0000000085700000, 0x0000000085800000|  0%| F|  |TAMS 0x0000000085700000| PB 0x0000000085700000| Untracked |  0
|  48|0x0000000085800000, 0x0000000085800000, 0x0000000085900000|  0%| F|  |TAMS 0x0000000085800000| PB 0x0000000085800000| Untracked |  0
|  49|0x0000000085900000, 0x0000000085900000, 0x0000000085a00000|  0%| F|  |TAMS 0x0000000085900000| PB 0x0000000085900000| Untracked |  0
|  50|0x0000000085a00000, 0x0000000085a00000, 0x0000000085b00000|  0%| F|  |TAMS 0x0000000085a00000| PB 0x0000000085a00000| Untracked |  0
|  51|0x0000000085b00000, 0x0000000085b00000, 0x0000000085c00000|  0%| F|  |TAMS 0x0000000085b00000| PB 0x0000000085b00000| Untracked |  0
|  52|0x0000000085c00000, 0x0000000085c00000, 0x0000000085d00000|  0%| F|  |TAMS 0x0000000085c00000| PB 0x0000000085c00000| Untracked |  0
|  53|0x0000000085d00000, 0x0000000085d00000, 0x0000000085e00000|  0%| F|  |TAMS 0x0000000085d00000| PB 0x0000000085d00000| Untracked |  0
|  54|0x0000000085e00000, 0x0000000085e00000, 0x0000000085f00000|  0%| F|  |TAMS 0x0000000085e00000| PB 0x0000000085e00000| Untracked |  0
|  55|0x0000000085f00000, 0x0000000085f00000, 0x0000000086000000|  0%| F|  |TAMS 0x0000000085f00000| PB 0x0000000085f00000| Untracked |  0
|  56|0x0000000086000000, 0x0000000086000000, 0x0000000086100000|  0%| F|  |TAMS 0x0000000086000000| PB 0x0000000086000000| Untracked |  0
|  84|0x0000000087c00000, 0x0000000087c00000, 0x0000000087d00000|  0%| F|  |TAMS 0x0000000087c00000| PB 0x0000000087c00000| Untracked |  0
|  85|0x0000000087d00000, 0x0000000087d00000, 0x0000000087e00000|  0%| F|  |TAMS 0x0000000087d00000| PB 0x0000000087d00000| Untracked |  0
|  86|0x0000000087e00000, 0x0000000087e80000, 0x0000000087f00000| 50%| E|  |TAMS 0x0000000087e00000| PB 0x0000000087e00000| Complete |  0
|  87|0x0000000087f00000, 0x0000000088000000, 0x0000000088000000|100%| E|CS|TAMS 0x0000000087f00000| PB 0x0000000087f00000| Complete |  0
|  88|0x0000000088000000, 0x0000000088100000, 0x0000000088100000|100%| E|CS|TAMS 0x0000000088000000| PB 0x0000000088000000| Complete |  0
|  92|0x0000000088400000, 0x0000000088500000, 0x0000000088500000|100%| E|CS|TAMS 0x0000000088400000| PB 0x0000000088400000| Complete |  0
|  93|0x0000000088500000, 0x0000000088600000, 0x0000000088600000|100%| E|CS|TAMS 0x0000000088500000| PB 0x0000000088500000| Complete |  0
| 125|0x000000008a500000, 0x000000008a600000, 0x000000008a600000|100%| E|CS|TAMS 0x000000008a500000| PB 0x000000008a500000| Complete |  0

Card table byte_map: [0x000001bd9a3d0000,0x000001bd9a7c0000] _byte_map_base: 0x000001bd99fbc000

Marking Bits: (CMBitMap*) 0x000001bd829caef0
 Bits: [0x000001bd9a7c0000, 0x000001bd9c720000)

Polling page: 0x000001bd80900000

Metaspace:

Usage:
  Non-class:     49.72 MB used.
      Class:      7.94 MB used.
       Both:     57.66 MB used.

Virtual space:
  Non-class space:       64.00 MB reserved,      50.06 MB ( 78%) committed,  1 nodes.
      Class space:        1.00 GB reserved,       8.25 MB ( <1%) committed,  1 nodes.
             Both:        1.06 GB reserved,      58.31 MB (  5%) committed. 

Chunk freelists:
   Non-Class:  13.70 MB
       Class:  7.72 MB
        Both:  21.42 MB

MaxMetaspaceSize: unlimited
CompressedClassSpaceSize: 1.00 GB
Initial GC threshold: 21.00 MB
Current GC threshold: 58.69 MB
CDS: on
 - commit_granule_bytes: 65536.
 - commit_granule_words: 8192.
 - virtual_space_node_default_size: 8388608.
 - enlarge_chunks_in_place: 1.
 - use_allocation_guard: 0.


Internal statistics:

num_allocs_failed_limit: 6.
num_arena_births: 898.
num_arena_deaths: 0.
num_vsnodes_births: 2.
num_vsnodes_deaths: 0.
num_space_committed: 933.
num_space_uncommitted: 0.
num_chunks_returned_to_freelist: 6.
num_chunks_taken_from_freelist: 3020.
num_chunk_merges: 6.
num_chunk_splits: 2159.
num_chunks_enlarged: 1668.
num_inconsistent_stats: 0.

CodeHeap 'non-profiled nmethods': size=120000Kb used=3542Kb max_used=3542Kb free=116457Kb
 bounds [0x000001bd92780000, 0x000001bd92b00000, 0x000001bd99cb0000]
CodeHeap 'profiled nmethods': size=120000Kb used=9912Kb max_used=9912Kb free=110087Kb
 bounds [0x000001bd8acb0000, 0x000001bd8b660000, 0x000001bd921e0000]
CodeHeap 'non-nmethods': size=5760Kb used=1688Kb max_used=1704Kb free=4071Kb
 bounds [0x000001bd921e0000, 0x000001bd92450000, 0x000001bd92780000]
 total_blobs=5952 nmethods=5231 adapters=624
 compilation: enabled
              stopped_count=0, restarted_count=0
 full_count=0

Compilation events (20 events):
Event: 12.124 Thread 0x000001bd9f1a9d50 5610       3       sun.reflect.generics.reflectiveObjects.WildcardTypeImpl::getLowerBounds (36 bytes)
Event: 12.124 Thread 0x000001bd9f1a9d50 nmethod 5610 0x000001bd8b63f690 code [0x000001bd8b63f860, 0x000001bd8b63fe60]
Event: 12.125 Thread 0x000001bd9f1a9d50 5614       3       sun.invoke.util.VerifyType::isNullType (18 bytes)
Event: 12.125 Thread 0x000001bd9f1a9d50 nmethod 5614 0x000001bd8b63ff90 code [0x000001bd8b640140, 0x000001bd8b640300]
Event: 12.125 Thread 0x000001bd9f1a9d50 5612       3       sun.reflect.generics.repository.AbstractRepository::getReifier (8 bytes)
Event: 12.125 Thread 0x000001bd9f1a9d50 nmethod 5612 0x000001bd8b640390 code [0x000001bd8b640540, 0x000001bd8b640830]
Event: 12.131 Thread 0x000001bd9f1a9d50 5615       3       org.springframework.beans.factory.config.BeanPostProcessor::postProcessBeforeInitialization (2 bytes)
Event: 12.132 Thread 0x000001bd9f1a9d50 nmethod 5615 0x000001bd8b640990 code [0x000001bd8b640b20, 0x000001bd8b640c30]
Event: 12.135 Thread 0x000001bd9f1a9d50 5616       3       java.util.concurrent.ConcurrentLinkedDeque::linkFirst (114 bytes)
Event: 12.137 Thread 0x000001bd9f1a9d50 nmethod 5616 0x000001bd8b640d10 code [0x000001bd8b6411c0, 0x000001bd8b6435b8]
Event: 12.137 Thread 0x000001bd9f1a9d50 5617       3       java.util.concurrent.ConcurrentLinkedDeque::newNode (18 bytes)
Event: 12.138 Thread 0x000001bd9f1a9d50 nmethod 5617 0x000001bd8b644190 code [0x000001bd8b6443c0, 0x000001bd8b644c48]
Event: 12.147 Thread 0x000001bd9f1a9d50 5619       3       java.lang.invoke.BoundMethodHandle$Species_LL::speciesData (4 bytes)
Event: 12.147 Thread 0x000001bd9f1a9d50 nmethod 5619 0x000001bd8b644f90 code [0x000001bd8b645120, 0x000001bd8b645238]
Event: 12.149 Thread 0x000001bd9f1a9d50 5620       3       jdk.internal.reflect.ReflectionFactory::newConstructorAccessor (65 bytes)
Event: 12.150 Thread 0x000001bd9f1a9d50 nmethod 5620 0x000001bd8b645310 code [0x000001bd8b645520, 0x000001bd8b645a70]
Event: 12.161 Thread 0x000001bd9f1a9d50 5621       3       org.springframework.core.convert.support.GenericConversionService$ConverterAdapter::<init> (41 bytes)
Event: 12.162 Thread 0x000001bd9f1a9d50 nmethod 5621 0x000001bd8b645d10 code [0x000001bd8b645f40, 0x000001bd8b646af0]
Event: 12.162 Thread 0x000001bd9f1a9d50 5622       3       org.springframework.core.convert.support.GenericConversionService$ConverterAdapter::getConvertibleTypes (8 bytes)
Event: 12.162 Thread 0x000001bd9f1a9d50 nmethod 5622 0x000001bd8b646e90 code [0x000001bd8b647060, 0x000001bd8b647400]

GC Heap History (18 events):
Event: 0.837 GC heap before
{Heap before GC invocations=0 (full 0):
 garbage-first heap   total reserved 2056192K, committed 129024K, used 26624K [0x0000000082800000, 0x0000000100000000)
  region size 1024K, 24 young (24576K), 0 survivors (0K)
 Metaspace       used 6631K, committed 6912K, reserved 1114112K
  class space    used 814K, committed 960K, reserved 1048576K
}
Event: 0.844 GC heap after
{Heap after GC invocations=1 (full 0):
 garbage-first heap   total reserved 2056192K, committed 129024K, used 8831K [0x0000000082800000, 0x0000000100000000)
  region size 1024K, 3 young (3072K), 3 survivors (3072K)
 Metaspace       used 6631K, committed 6912K, reserved 1114112K
  class space    used 814K, committed 960K, reserved 1048576K
}
Event: 1.363 GC heap before
{Heap before GC invocations=1 (full 0):
 garbage-first heap   total reserved 2056192K, committed 129024K, used 39551K [0x0000000082800000, 0x0000000100000000)
  region size 1024K, 34 young (34816K), 3 survivors (3072K)
 Metaspace       used 16060K, committed 16320K, reserved 1114112K
  class space    used 1977K, committed 2112K, reserved 1048576K
}
Event: 1.369 GC heap after
{Heap after GC invocations=2 (full 0):
 garbage-first heap   total reserved 2056192K, committed 129024K, used 11990K [0x0000000082800000, 0x0000000100000000)
  region size 1024K, 3 young (3072K), 3 survivors (3072K)
 Metaspace       used 16060K, committed 16320K, reserved 1114112K
  class space    used 1977K, committed 2112K, reserved 1048576K
}
Event: 2.028 GC heap before
{Heap before GC invocations=2 (full 0):
 garbage-first heap   total reserved 2056192K, committed 129024K, used 43734K [0x0000000082800000, 0x0000000100000000)
  region size 1024K, 35 young (35840K), 3 survivors (3072K)
 Metaspace       used 21209K, committed 21504K, reserved 1114112K
  class space    used 2608K, committed 2752K, reserved 1048576K
}
Event: 2.036 GC heap after
{Heap after GC invocations=3 (full 0):
 garbage-first heap   total reserved 2056192K, committed 129024K, used 15497K [0x0000000082800000, 0x0000000100000000)
  region size 1024K, 7 young (7168K), 7 survivors (7168K)
 Metaspace       used 21209K, committed 21504K, reserved 1114112K
  class space    used 2608K, committed 2752K, reserved 1048576K
}
Event: 2.742 GC heap before
{Heap before GC invocations=4 (full 0):
 garbage-first heap   total reserved 2056192K, committed 55296K, used 41097K [0x0000000082800000, 0x0000000100000000)
  region size 1024K, 32 young (32768K), 7 survivors (7168K)
 Metaspace       used 25313K, committed 25728K, reserved 1114112K
  class space    used 3202K, committed 3392K, reserved 1048576K
}
Event: 2.753 GC heap after
{Heap after GC invocations=5 (full 0):
 garbage-first heap   total reserved 2056192K, committed 55296K, used 17664K [0x0000000082800000, 0x0000000100000000)
  region size 1024K, 3 young (3072K), 3 survivors (3072K)
 Metaspace       used 25313K, committed 25728K, reserved 1114112K
  class space    used 3202K, committed 3392K, reserved 1048576K
}
Event: 3.377 GC heap before
{Heap before GC invocations=5 (full 0):
 garbage-first heap   total reserved 2056192K, committed 55296K, used 43264K [0x0000000082800000, 0x0000000100000000)
  region size 1024K, 28 young (28672K), 3 survivors (3072K)
 Metaspace       used 30463K, committed 30912K, reserved 1114112K
  class space    used 3902K, committed 4096K, reserved 1048576K
}
Event: 3.381 GC heap after
{Heap after GC invocations=6 (full 0):
 garbage-first heap   total reserved 2056192K, committed 55296K, used 20101K [0x0000000082800000, 0x0000000100000000)
  region size 1024K, 3 young (3072K), 3 survivors (3072K)
 Metaspace       used 30463K, committed 30912K, reserved 1114112K
  class space    used 3902K, committed 4096K, reserved 1048576K
}
Event: 3.915 GC heap before
{Heap before GC invocations=6 (full 0):
 garbage-first heap   total reserved 2056192K, committed 55296K, used 36485K [0x0000000082800000, 0x0000000100000000)
  region size 1024K, 21 young (21504K), 3 survivors (3072K)
 Metaspace       used 35377K, committed 35968K, reserved 1114112K
  class space    used 4621K, committed 4928K, reserved 1048576K
}
Event: 3.919 GC heap after
{Heap after GC invocations=7 (full 0):
 garbage-first heap   total reserved 2056192K, committed 55296K, used 21198K [0x0000000082800000, 0x0000000100000000)
  region size 1024K, 2 young (2048K), 2 survivors (2048K)
 Metaspace       used 35377K, committed 35968K, reserved 1114112K
  class space    used 4621K, committed 4928K, reserved 1048576K
}
Event: 4.740 GC heap before
{Heap before GC invocations=8 (full 0):
 garbage-first heap   total reserved 2056192K, committed 55296K, used 44750K [0x0000000082800000, 0x0000000100000000)
  region size 1024K, 26 young (26624K), 2 survivors (2048K)
 Metaspace       used 42239K, committed 42752K, reserved 1114112K
  class space    used 5666K, committed 5888K, reserved 1048576K
}
Event: 4.743 GC heap after
{Heap after GC invocations=9 (full 0):
 garbage-first heap   total reserved 2056192K, committed 66560K, used 22625K [0x0000000082800000, 0x0000000100000000)
  region size 1024K, 3 young (3072K), 3 survivors (3072K)
 Metaspace       used 42239K, committed 42752K, reserved 1114112K
  class space    used 5666K, committed 5888K, reserved 1048576K
}
Event: 5.520 GC heap before
{Heap before GC invocations=9 (full 0):
 garbage-first heap   total reserved 2056192K, committed 66560K, used 55393K [0x0000000082800000, 0x0000000100000000)
  region size 1024K, 36 young (36864K), 3 survivors (3072K)
 Metaspace       used 51689K, committed 52224K, reserved 1114112K
  class space    used 7111K, committed 7360K, reserved 1048576K
}
Event: 5.524 GC heap after
{Heap after GC invocations=10 (full 0):
 garbage-first heap   total reserved 2056192K, committed 66560K, used 24336K [0x0000000082800000, 0x0000000100000000)
  region size 1024K, 5 young (5120K), 5 survivors (5120K)
 Metaspace       used 51689K, committed 52224K, reserved 1114112K
  class space    used 7111K, committed 7360K, reserved 1048576K
}
Event: 12.164 GC heap before
{Heap before GC invocations=10 (full 0):
 garbage-first heap   total reserved 2056192K, committed 66560K, used 56080K [0x0000000082800000, 0x0000000100000000)
  region size 1024K, 36 young (36864K), 5 survivors (5120K)
 Metaspace       used 57715K, committed 58368K, reserved 1114112K
  class space    used 7961K, committed 8256K, reserved 1048576K
}
Event: 12.169 GC heap after
{Heap after GC invocations=11 (full 0):
 garbage-first heap   total reserved 2056192K, committed 66560K, used 26363K [0x0000000082800000, 0x0000000100000000)
  region size 1024K, 5 young (5120K), 5 survivors (5120K)
 Metaspace       used 57715K, committed 58368K, reserved 1114112K
  class space    used 7961K, committed 8256K, reserved 1048576K
}

Dll operation events (15 events):
Event: 0.010 Loaded shared library C:\Program Files\Java\jdk-22\bin\java.dll
Event: 0.038 Loaded shared library C:\Program Files\Java\jdk-22\bin\jsvml.dll
Event: 0.106 Loaded shared library C:\Program Files\Java\jdk-22\bin\zip.dll
Event: 0.110 Loaded shared library C:\Program Files\Java\jdk-22\bin\instrument.dll
Event: 0.115 Loaded shared library C:\Program Files\Java\jdk-22\bin\net.dll
Event: 0.116 Loaded shared library C:\Program Files\Java\jdk-22\bin\nio.dll
Event: 0.120 Loaded shared library C:\Program Files\Java\jdk-22\bin\zip.dll
Event: 0.273 Loaded shared library C:\Program Files\JetBrains\IntelliJ IDEA Community Edition 2024.1.4\bin\breakgen64.dll
Event: 0.283 Loaded shared library C:\Program Files\Java\jdk-22\bin\extnet.dll
Event: 0.331 Loaded shared library C:\Program Files\Java\jdk-22\bin\jimage.dll
Event: 1.065 Loaded shared library C:\Program Files\Java\jdk-22\bin\le.dll
Event: 1.497 Loaded shared library C:\Program Files\Java\jdk-22\bin\sunmscapi.dll
Event: 3.215 Loaded shared library C:\Program Files\Java\jdk-22\bin\management.dll
Event: 3.217 Loaded shared library C:\Program Files\Java\jdk-22\bin\management_ext.dll
Event: 3.911 Loaded shared library C:\Program Files\Java\jdk-22\bin\verify.dll

Deoptimization events (20 events):
Event: 12.048 Thread 0x000001bd8063ded0 Uncommon trap: trap_request=0xffffff45 fr.pc=0x000001bd9292bcc0 relative=0x0000000000000980
Event: 12.048 Thread 0x000001bd8063ded0 Uncommon trap: reason=unstable_if action=reinterpret pc=0x000001bd9292bcc0 method=org.springframework.core.ResolvableType.resolveClass()Ljava/lang/Class; @ 38 c2
Event: 12.048 Thread 0x000001bd8063ded0 DEOPT PACKING pc=0x000001bd9292bcc0 sp=0x000000065e3fc0d0
Event: 12.048 Thread 0x000001bd8063ded0 DEOPT UNPACKING pc=0x000001bd922346a2 sp=0x000000065e3fbfb8 mode 2
Event: 12.053 Thread 0x000001bd8063ded0 Uncommon trap: trap_request=0xffffff45 fr.pc=0x000001bd92793d9c relative=0x00000000000001fc
Event: 12.053 Thread 0x000001bd8063ded0 Uncommon trap: reason=unstable_if action=reinterpret pc=0x000001bd92793d9c method=java.util.ArrayDeque.addLast(Ljava/lang/Object;)V @ 42 c2
Event: 12.053 Thread 0x000001bd8063ded0 DEOPT PACKING pc=0x000001bd92793d9c sp=0x000000065e3fc9d0
Event: 12.053 Thread 0x000001bd8063ded0 DEOPT UNPACKING pc=0x000001bd922346a2 sp=0x000000065e3fc928 mode 2
Event: 12.053 Thread 0x000001bd8063ded0 Uncommon trap: trap_request=0xffffff45 fr.pc=0x000001bd92ab2c1c relative=0x00000000000003dc
Event: 12.053 Thread 0x000001bd8063ded0 Uncommon trap: reason=unstable_if action=reinterpret pc=0x000001bd92ab2c1c method=jdk.internal.reflect.DirectMethodHandleAccessor.checkArgumentCount(I[Ljava/lang/Object;)V @ 1 c2
Event: 12.053 Thread 0x000001bd8063ded0 DEOPT PACKING pc=0x000001bd92ab2c1c sp=0x000000065e3fc270
Event: 12.053 Thread 0x000001bd8063ded0 DEOPT UNPACKING pc=0x000001bd922346a2 sp=0x000000065e3fc1a0 mode 2
Event: 12.089 Thread 0x000001bd8063ded0 Uncommon trap: trap_request=0xfffffff4 fr.pc=0x000001bd92aa415c relative=0x000000000000219c
Event: 12.089 Thread 0x000001bd8063ded0 Uncommon trap: reason=null_check action=make_not_entrant pc=0x000001bd92aa415c method=java.lang.Class.getMethodsRecursive(Ljava/lang/String;[Ljava/lang/Class;ZZ)Ljava/lang/PublicMethods$MethodList; @ 27 c2
Event: 12.089 Thread 0x000001bd8063ded0 DEOPT PACKING pc=0x000001bd92aa415c sp=0x000000065e3fc9f0
Event: 12.089 Thread 0x000001bd8063ded0 DEOPT UNPACKING pc=0x000001bd922346a2 sp=0x000000065e3fc9d0 mode 2
Event: 12.100 Thread 0x000001bd8063ded0 Uncommon trap: trap_request=0xffffff45 fr.pc=0x000001bd9283626c relative=0x00000000000009cc
Event: 12.100 Thread 0x000001bd8063ded0 Uncommon trap: reason=unstable_if action=reinterpret pc=0x000001bd9283626c method=java.util.WeakHashMap.put(Ljava/lang/Object;Ljava/lang/Object;)Ljava/lang/Object; @ 146 c2
Event: 12.100 Thread 0x000001bd8063ded0 DEOPT PACKING pc=0x000001bd9283626c sp=0x000000065e3fb9e0
Event: 12.100 Thread 0x000001bd8063ded0 DEOPT UNPACKING pc=0x000001bd922346a2 sp=0x000000065e3fb9b8 mode 2

Classes loaded (20 events):
Event: 5.093 Loading class java/util/concurrent/CompletableFuture$AsynchronousCompletionTask done
Event: 5.093 Loading class java/util/concurrent/CompletableFuture$Completion done
Event: 5.144 Loading class java/util/concurrent/CancellationException
Event: 5.144 Loading class java/util/concurrent/CancellationException done
Event: 5.376 Loading class java/time/Clock$TickClock
Event: 5.376 Loading class java/time/Clock$TickClock done
Event: 5.397 Loading class java/util/ArrayList$ListItr
Event: 5.397 Loading class java/util/ArrayList$ListItr done
Event: 5.478 Loading class java/util/AbstractList$SubList
Event: 5.478 Loading class java/util/AbstractList$SubList done
Event: 5.491 Loading class java/lang/reflect/AnnotatedArrayType
Event: 5.491 Loading class java/lang/reflect/AnnotatedArrayType done
Event: 5.585 Loading class java/lang/reflect/AnnotatedParameterizedType
Event: 5.585 Loading class java/lang/reflect/AnnotatedParameterizedType done
Event: 12.011 Loading class javax/naming/Reference
Event: 12.011 Loading class javax/naming/Reference done
Event: 12.046 Loading class java/lang/SafeVarargs
Event: 12.047 Loading class java/lang/SafeVarargs done
Event: 12.048 Loading class sun/reflect/generics/reflectiveObjects/GenericArrayTypeImpl
Event: 12.048 Loading class sun/reflect/generics/reflectiveObjects/GenericArrayTypeImpl done

Classes unloaded (0 events):
No events

Classes redefined (0 events):
No events

Internal exceptions (20 events):
Event: 5.744 Thread 0x000001bd8063ded0 Exception <a 'java/lang/NoSuchMethodError'{0x0000000085c98ec0}: 'void java.lang.invoke.DirectMethodHandle$Holder.invokeSpecial(java.lang.Object, java.lang.Object, int, java.lang.Object)'> (0x0000000085c98ec0) 
thrown [s\open\src\hotspot\share\interpreter\linkResolver.cpp, line 774]
Event: 5.745 Thread 0x000001bd8063ded0 Exception <a 'java/lang/NoSuchMethodError'{0x0000000085c9f208}: 'java.lang.Object java.lang.invoke.DirectMethodHandle$Holder.newInvokeSpecial(java.lang.Object, java.lang.Object, int)'> (0x0000000085c9f208) 
thrown [s\open\src\hotspot\share\interpreter\linkResolver.cpp, line 774]
Event: 5.765 Thread 0x000001bd8063ded0 Exception <a 'java/lang/NoSuchMethodError'{0x0000000085be0878}: 'int java.lang.invoke.DirectMethodHandle$Holder.invokeStatic(java.lang.Object, int, java.lang.Object)'> (0x0000000085be0878) 
thrown [s\open\src\hotspot\share\interpreter\linkResolver.cpp, line 774]
Event: 5.767 Thread 0x000001bd8063ded0 Exception <a 'java/lang/NoSuchMethodError'{0x0000000085bf9958}: 'java.lang.Object java.lang.invoke.DirectMethodHandle$Holder.newInvokeSpecial(java.lang.Object, java.lang.Object, java.lang.Object, java.lang.Object, java.lang.Object, int, java.lang.Object)'> (0x0000000085bf9958) 
thrown [s\open\src\hotspot\share\interpreter\linkResolver.cpp, line 774]
Event: 5.769 Thread 0x000001bd8063ded0 Exception <a 'java/lang/NoSuchMethodError'{0x0000000085a2a5b8}: 'java.lang.Object java.lang.invoke.DirectMethodHandle$Holder.newInvokeSpecial(java.lang.Object, java.lang.Object, java.lang.Object, java.lang.Object, java.lang.Object, java.lang.Object, java.lang.Object, java.lang.Object, java.lang.Object, java.lang.Object, java.lang.Object, java.lang.Object)'> (0x0000000085a2a5b8) 
thrown [s\open\src\hotspot\share\interpreter\linkResolver.cpp, line 774]
Event: 5.770 Thread 0x000001bd8063ded0 Exception <a 'java/lang/NoSuchMethodError'{0x0000000085a2ee60}: 'java.lang.Object java.lang.invoke.DirectMethodHandle$Holder.invokeSpecial(java.lang.Object, java.lang.Object, java.lang.Object, java.lang.Object, java.lang.Object, java.lang.Object, java.lang.Object, java.lang.Object, java.lang.Object, java.lang.Object, java.lang.Object, java.lang.Object, java.lang.Object)'> (0x0000000085a2ee60) 
thrown [s\open\src\hotspot\share\interpreter\linkResolver.cpp, line 774]
Event: 5.770 Thread 0x000001bd8063ded0 Exception <a 'java/lang/NoSuchMethodError'{0x0000000085a33338}: 'java.lang.Object java.lang.invoke.Invokers$Holder.linkToTargetMethod(java.lang.Object, java.lang.Object, java.lang.Object, java.lang.Object, java.lang.Object, java.lang.Object, java.lang.Object, java.lang.Object, java.lang.Object, java.lang.Object, java.lang.Object, java.lang.Object)'> (0x0000000085a33338) 
thrown [s\open\src\hotspot\share\interpreter\linkResolver.cpp, line 774]
Event: 5.803 Thread 0x000001bd8063ded0 Exception <a 'java/lang/IncompatibleClassChangeError'{0x00000000859b4a18}: Found class java.lang.Object, but interface was expected> (0x00000000859b4a18) 
thrown [s\open\src\hotspot\share\interpreter\linkResolver.cpp, line 841]
Event: 5.814 Thread 0x000001bd8063ded0 Exception <a 'java/lang/NoSuchMethodError'{0x0000000085843e68}: 'java.lang.Object java.lang.invoke.DirectMethodHandle$Holder.newInvokeSpecial(java.lang.Object, java.lang.Object, java.lang.Object, java.lang.Object, java.lang.Object, java.lang.Object, java.lang.Object, int)'> (0x0000000085843e68) 
thrown [s\open\src\hotspot\share\interpreter\linkResolver.cpp, line 774]
Event: 5.815 Thread 0x000001bd8063ded0 Exception <a 'java/lang/NoSuchMethodError'{0x00000000858483f8}: 'java.lang.Object java.lang.invoke.DirectMethodHandle$Holder.invokeSpecial(java.lang.Object, java.lang.Object, java.lang.Object, java.lang.Object, java.lang.Object, java.lang.Object, java.lang.Object, java.lang.Object, int)'> (0x00000000858483f8) 
thrown [s\open\src\hotspot\share\interpreter\linkResolver.cpp, line 774]
Event: 5.815 Thread 0x000001bd8063ded0 Exception <a 'java/lang/NoSuchMethodError'{0x000000008584c410}: 'java.lang.Object java.lang.invoke.Invokers$Holder.linkToTargetMethod(java.lang.Object, java.lang.Object, java.lang.Object, java.lang.Object, java.lang.Object, java.lang.Object, int, java.lang.Object)'> (0x000000008584c410) 
thrown [s\open\src\hotspot\share\interpreter\linkResolver.cpp, line 774]
Event: 5.836 Thread 0x000001bd8063ded0 Exception <a 'java/lang/NoSuchMethodError'{0x000000008574c5c0}: 'java.lang.Object java.lang.invoke.DirectMethodHandle$Holder.newInvokeSpecial(java.lang.Object, java.lang.Object, int, java.lang.Object, int, java.lang.Object, java.lang.Object)'> (0x000000008574c5c0) 
thrown [s\open\src\hotspot\share\interpreter\linkResolver.cpp, line 774]
Event: 5.853 Thread 0x000001bd8063ded0 Exception <a 'java/lang/NoSuchMethodError'{0x00000000856164e8}: 'void java.lang.invoke.DirectMethodHandle$Holder.invokeInterface(java.lang.Object, java.lang.Object)'> (0x00000000856164e8) 
thrown [s\open\src\hotspot\share\interpreter\linkResolver.cpp, line 774]
Event: 11.483 Thread 0x000001bd8063ded0 Exception <a 'java/lang/NoSuchMethodError'{0x0000000085110b50}: 'java.lang.Object java.lang.invoke.DirectMethodHandle$Holder.invokeSpecial(java.lang.Object, java.lang.Object, int, java.lang.Object, int)'> (0x0000000085110b50) 
thrown [s\open\src\hotspot\share\interpreter\linkResolver.cpp, line 774]
Event: 12.023 Thread 0x000001bd8063ded0 Exception <a 'java/lang/NoSuchMethodError'{0x00000000850ee600}: 'void java.lang.invoke.Invokers$Holder.invokeExact_MT(java.lang.Object, java.lang.Object, java.lang.Object, java.lang.Object)'> (0x00000000850ee600) 
thrown [s\open\src\hotspot\share\interpreter\linkResolver.cpp, line 774]
Event: 12.042 Thread 0x000001bd8063ded0 Implicit null exception at 0x000001bd92a7a080 to 0x000001bd92a7a2f4
Event: 12.053 Thread 0x000001bd8063ded0 Implicit null exception at 0x000001bd92ab28d1 to 0x000001bd92ab2bfc
Event: 12.089 Thread 0x000001bd8063ded0 Implicit null exception at 0x000001bd92aa2325 to 0x000001bd92aa4144
Event: 12.098 Thread 0x000001bd8063ded0 Exception <a 'java/lang/IncompatibleClassChangeError'{0x0000000084b2c780}: Found class java.lang.Object, but interface was expected> (0x0000000084b2c780) 
thrown [s\open\src\hotspot\share\interpreter\linkResolver.cpp, line 841]
Event: 12.150 Thread 0x000001bd8063ded0 Exception <a 'java/lang/IncompatibleClassChangeError'{0x0000000084aac440}: Found class java.lang.Object, but interface was expected> (0x0000000084aac440) 
thrown [s\open\src\hotspot\share\interpreter\linkResolver.cpp, line 841]

ZGC Phase Switch (0 events):
No events

VM Operations (20 events):
Event: 4.938 Executing VM operation: HandshakeAllThreads (Deoptimize)
Event: 4.938 Executing VM operation: HandshakeAllThreads (Deoptimize) done
Event: 5.395 Executing VM operation: HandshakeAllThreads (Deoptimize)
Event: 5.395 Executing VM operation: HandshakeAllThreads (Deoptimize) done
Event: 5.398 Executing VM operation: HandshakeAllThreads (Deoptimize)
Event: 5.398 Executing VM operation: HandshakeAllThreads (Deoptimize) done
Event: 5.505 Executing VM operation: ICBufferFull
Event: 5.505 Executing VM operation: ICBufferFull done
Event: 5.520 Executing VM operation: G1CollectForAllocation (G1 Evacuation Pause)
Event: 5.524 Executing VM operation: G1CollectForAllocation (G1 Evacuation Pause) done
Event: 5.636 Executing VM operation: ICBufferFull
Event: 5.636 Executing VM operation: ICBufferFull done
Event: 5.915 Executing VM operation: HandshakeAllThreads (Deoptimize)
Event: 5.915 Executing VM operation: HandshakeAllThreads (Deoptimize) done
Event: 6.923 Executing VM operation: Cleanup
Event: 6.923 Executing VM operation: Cleanup done
Event: 11.965 Executing VM operation: Cleanup
Event: 11.965 Executing VM operation: Cleanup done
Event: 12.164 Executing VM operation: G1CollectForAllocation (G1 Evacuation Pause)
Event: 12.169 Executing VM operation: G1CollectForAllocation (G1 Evacuation Pause) done

Events (20 events):
Event: 3.939 Thread 0x000001bd9f16d000 flushing nmethod 0x000001bd8b1ea310
Event: 3.939 Thread 0x000001bd9f16d000 flushing nmethod 0x000001bd8ae47490
Event: 3.939 Thread 0x000001bd9f16d000 flushing nmethod 0x000001bd8af15c90
Event: 3.939 Thread 0x000001bd9f16d000 flushing nmethod 0x000001bd8af1f610
Event: 3.939 Thread 0x000001bd9f16d000 flushing nmethod 0x000001bd8af76590
Event: 3.939 Thread 0x000001bd9f16d000 flushing nmethod 0x000001bd8af76a90
Event: 3.939 Thread 0x000001bd9f16d000 flushing nmethod 0x000001bd8b00d710
Event: 3.939 Thread 0x000001bd9f16d000 flushing nmethod 0x000001bd8b00ed10
Event: 3.939 Thread 0x000001bd9f16d000 flushing nmethod 0x000001bd8b00f590
Event: 3.939 Thread 0x000001bd9f16d000 flushing nmethod 0x000001bd8b05c690
Event: 3.939 Thread 0x000001bd9f16d000 flushing nmethod 0x000001bd8b0a2790
Event: 3.939 Thread 0x000001bd9f16d000 flushing nmethod 0x000001bd8b205c10
Event: 4.481 Thread 0x000001bde6de13d0 Thread added: 0x000001bde6de13d0
Event: 4.496 Thread 0x000001bde9ebdae0 Thread added: 0x000001bde9ebdae0
Event: 4.607 Thread 0x000001bde5edd790 Thread added: 0x000001bde5edd790
Event: 5.172 Thread 0x000001bde54bf950 Thread exited: 0x000001bde54bf950
Event: 6.000 Thread 0x000001bd9f40c9e0 Thread exited: 0x000001bd9f40c9e0
Event: 11.000 Thread 0x000001bde5edd790 Thread exited: 0x000001bde5edd790
Event: 12.048 Thread 0x000001bd9f40c9e0 Thread added: 0x000001bd9f40c9e0
Event: 12.048 Thread 0x000001bde7a01f00 Thread added: 0x000001bde7a01f00


Dynamic libraries:
0x00007ff6ca620000 - 0x00007ff6ca630000 	C:\Program Files\Java\jdk-22\bin\java.exe
0x00007ffd6dda0000 - 0x00007ffd6e003000 	C:\WINDOWS\SYSTEM32\ntdll.dll
0x00007ffd6c780000 - 0x00007ffd6c847000 	C:\WINDOWS\System32\KERNEL32.DLL
0x00007ffd6b1a0000 - 0x00007ffd6b569000 	C:\WINDOWS\System32\KERNELBASE.dll
0x00007ffd6b570000 - 0x00007ffd6b6bc000 	C:\WINDOWS\System32\ucrtbase.dll
0x00007ffd61e40000 - 0x00007ffd61e57000 	C:\Program Files\Java\jdk-22\bin\jli.dll
0x00007ffd61400000 - 0x00007ffd6141b000 	C:\Program Files\Java\jdk-22\bin\VCRUNTIME140.dll
0x00007ffd6c6c0000 - 0x00007ffd6c772000 	C:\WINDOWS\System32\ADVAPI32.dll
0x00007ffd6c0f0000 - 0x00007ffd6c199000 	C:\WINDOWS\System32\msvcrt.dll
0x00007ffd6cce0000 - 0x00007ffd6cd86000 	C:\WINDOWS\System32\sechost.dll
0x00007ffd6ca20000 - 0x00007ffd6cb36000 	C:\WINDOWS\System32\RPCRT4.dll
0x00007ffd6c850000 - 0x00007ffd6ca1a000 	C:\WINDOWS\System32\USER32.dll
0x00007ffd6bb90000 - 0x00007ffd6bbb7000 	C:\WINDOWS\System32\win32u.dll
0x00007ffd53d20000 - 0x00007ffd53fb0000 	C:\WINDOWS\WinSxS\amd64_microsoft.windows.common-controls_6595b64144ccf1df_6.0.26100.3323_none_3e088096e3344490\COMCTL32.dll
0x00007ffd6bbc0000 - 0x00007ffd6bbea000 	C:\WINDOWS\System32\GDI32.dll
0x00007ffd6ba50000 - 0x00007ffd6bb81000 	C:\WINDOWS\System32\gdi32full.dll
0x00007ffd6b6c0000 - 0x00007ffd6b763000 	C:\WINDOWS\System32\msvcp_win.dll
0x00007ffd64430000 - 0x00007ffd6443b000 	C:\WINDOWS\SYSTEM32\VERSION.dll
0x00007ffd6cd90000 - 0x00007ffd6cdbf000 	C:\WINDOWS\System32\IMM32.DLL
0x00007ffd613a0000 - 0x00007ffd613ac000 	C:\Program Files\Java\jdk-22\bin\vcruntime140_1.dll
0x00007ffd4d230000 - 0x00007ffd4d2be000 	C:\Program Files\Java\jdk-22\bin\msvcp140.dll
0x00007ffd06b00000 - 0x00007ffd07847000 	C:\Program Files\Java\jdk-22\bin\server\jvm.dll
0x00007ffd6c220000 - 0x00007ffd6c294000 	C:\WINDOWS\System32\WS2_32.dll
0x00007ffd69c00000 - 0x00007ffd69c4e000 	C:\WINDOWS\SYSTEM32\POWRPROF.dll
0x00007ffd63490000 - 0x00007ffd634c6000 	C:\WINDOWS\SYSTEM32\WINMM.dll
0x00007ffd69be0000 - 0x00007ffd69bf4000 	C:\WINDOWS\SYSTEM32\UMPDC.dll
0x00007ffd69eb0000 - 0x00007ffd69eca000 	C:\WINDOWS\SYSTEM32\kernel.appcore.dll
0x00007ffd61390000 - 0x00007ffd6139a000 	C:\Program Files\Java\jdk-22\bin\jimage.dll
0x00007ffd68760000 - 0x00007ffd689a1000 	C:\WINDOWS\SYSTEM32\DBGHELP.DLL
0x00007ffd6d8b0000 - 0x00007ffd6dc32000 	C:\WINDOWS\System32\combase.dll
0x00007ffd6c570000 - 0x00007ffd6c646000 	C:\WINDOWS\System32\OLEAUT32.dll
0x00007ffd43f80000 - 0x00007ffd43fb9000 	C:\WINDOWS\SYSTEM32\dbgcore.DLL
0x00007ffd6b8f0000 - 0x00007ffd6b989000 	C:\WINDOWS\System32\bcryptPrimitives.dll
0x00007ffd4f770000 - 0x00007ffd4f77f000 	C:\Program Files\Java\jdk-22\bin\instrument.dll
0x00007ffd51180000 - 0x00007ffd5119e000 	C:\Program Files\Java\jdk-22\bin\java.dll
0x00007ffd6d0d0000 - 0x00007ffd6d7e5000 	C:\WINDOWS\System32\SHELL32.dll
0x00007ffd6afa0000 - 0x00007ffd6b108000 	C:\WINDOWS\System32\wintypes.dll
0x00007ffd6cb40000 - 0x00007ffd6ccd5000 	C:\WINDOWS\System32\ole32.dll
0x00007ffd68c40000 - 0x00007ffd69485000 	C:\WINDOWS\SYSTEM32\windows.storage.dll
0x00007ffd6c320000 - 0x00007ffd6c40b000 	C:\WINDOWS\System32\SHCORE.dll
0x00007ffd6ce80000 - 0x00007ffd6cedd000 	C:\WINDOWS\System32\shlwapi.dll
0x00007ffd6aeb0000 - 0x00007ffd6aedf000 	C:\WINDOWS\SYSTEM32\profapi.dll
0x00007ffd423e0000 - 0x00007ffd424b7000 	C:\Program Files\Java\jdk-22\bin\jsvml.dll
0x00007ffd510d0000 - 0x00007ffd510e7000 	C:\Program Files\Java\jdk-22\bin\zip.dll
0x00007ffd55ab0000 - 0x00007ffd55ac0000 	C:\Program Files\Java\jdk-22\bin\net.dll
0x00007ffd6a3f0000 - 0x00007ffd6a45a000 	C:\WINDOWS\system32\mswsock.dll
0x00007ffd510f0000 - 0x00007ffd51106000 	C:\Program Files\Java\jdk-22\bin\nio.dll
0x00007ffd4d200000 - 0x00007ffd4d21a000 	C:\Program Files\JetBrains\IntelliJ IDEA Community Edition 2024.1.4\bin\breakgen64.dll
0x00007ffd4d220000 - 0x00007ffd4d229000 	C:\Program Files\Java\jdk-22\bin\extnet.dll
0x00007ffd4d0c0000 - 0x00007ffd4d0cb000 	C:\Program Files\Java\jdk-22\bin\le.dll
0x00007ffd4da60000 - 0x00007ffd4da6e000 	C:\Program Files\Java\jdk-22\bin\sunmscapi.dll
0x00007ffd6b770000 - 0x00007ffd6b8e7000 	C:\WINDOWS\System32\CRYPT32.dll
0x00007ffd6a890000 - 0x00007ffd6a8c0000 	C:\WINDOWS\SYSTEM32\ncrypt.dll
0x00007ffd6a840000 - 0x00007ffd6a87f000 	C:\WINDOWS\SYSTEM32\NTASN1.dll
0x00007ffd6a690000 - 0x00007ffd6a6ac000 	C:\WINDOWS\SYSTEM32\CRYPTSP.dll
0x00007ffd69e10000 - 0x00007ffd69e4a000 	C:\WINDOWS\system32\rsaenh.dll
0x00007ffd6a490000 - 0x00007ffd6a4bb000 	C:\WINDOWS\SYSTEM32\USERENV.dll
0x00007ffd6a8d0000 - 0x00007ffd6a8f6000 	C:\WINDOWS\SYSTEM32\bcrypt.dll
0x00007ffd6a6b0000 - 0x00007ffd6a6bc000 	C:\WINDOWS\SYSTEM32\CRYPTBASE.dll
0x00007ffd69800000 - 0x00007ffd69833000 	C:\WINDOWS\SYSTEM32\IPHLPAPI.DLL
0x00007ffd6bbf0000 - 0x00007ffd6bbfa000 	C:\WINDOWS\System32\NSI.dll
0x00007ffd4da80000 - 0x00007ffd4da8a000 	C:\Program Files\Java\jdk-22\bin\management.dll
0x00007ffd4da70000 - 0x00007ffd4da7b000 	C:\Program Files\Java\jdk-22\bin\management_ext.dll
0x00007ffd6cee0000 - 0x00007ffd6cee8000 	C:\WINDOWS\System32\PSAPI.DLL
0x00007ffd4d0b0000 - 0x00007ffd4d0c0000 	C:\Program Files\Java\jdk-22\bin\verify.dll
0x00007ffd69840000 - 0x00007ffd69965000 	C:\WINDOWS\SYSTEM32\DNSAPI.dll
0x00007ffd63840000 - 0x00007ffd6384b000 	C:\Windows\System32\rasadhlp.dll
0x00007ffd63f40000 - 0x00007ffd63fc5000 	C:\WINDOWS\System32\fwpuclnt.dll

dbghelp: loaded successfully - version: 4.0.5 - missing functions: none
symbol engine: initialized successfully - sym options: 0x614 - pdb path: .;C:\Program Files\Java\jdk-22\bin;C:\WINDOWS\SYSTEM32;C:\WINDOWS\WinSxS\amd64_microsoft.windows.common-controls_6595b64144ccf1df_6.0.26100.3323_none_3e088096e3344490;C:\Program Files\Java\jdk-22\bin\server;C:\Program Files\JetBrains\IntelliJ IDEA Community Edition 2024.1.4\bin

VM Arguments:
jvm_args: -javaagent:C:\Program Files\JetBrains\IntelliJ IDEA Community Edition 2024.1.4\lib\idea_rt.jar=54083:C:\Program Files\JetBrains\IntelliJ IDEA Community Edition 2024.1.4\bin -Dfile.encoding=UTF-8 -Dsun.stdout.encoding=UTF-8 -Dsun.stderr.encoding=UTF-8 
java_command: com.example.airBnb.demo.DemoApplication
java_class_path (initial): C:\Users\ASUS\OneDrive\Desktop\Springboot\airBnb_new\demo\target\classes;C:\Users\ASUS\.m2\repository\org\springframework\boot\spring-boot-starter-data-jpa\3.4.4\spring-boot-starter-data-jpa-3.4.4.jar;C:\Users\ASUS\.m2\repository\org\springframework\boot\spring-boot-starter\3.4.4\spring-boot-starter-3.4.4.jar;C:\Users\ASUS\.m2\repository\org\springframework\boot\spring-boot\3.4.4\spring-boot-3.4.4.jar;C:\Users\ASUS\.m2\repository\org\springframework\boot\spring-boot-autoconfigure\3.4.4\spring-boot-autoconfigure-3.4.4.jar;C:\Users\ASUS\.m2\repository\org\springframework\boot\spring-boot-starter-logging\3.4.4\spring-boot-starter-logging-3.4.4.jar;C:\Users\ASUS\.m2\repository\ch\qos\logback\logback-classic\1.5.18\logback-classic-1.5.18.jar;C:\Users\ASUS\.m2\repository\ch\qos\logback\logback-core\1.5.18\logback-core-1.5.18.jar;C:\Users\ASUS\.m2\repository\org\apache\logging\log4j\log4j-to-slf4j\2.24.3\log4j-to-slf4j-2.24.3.jar;C:\Users\ASUS\.m2\repository\org\apache\logging\log4j\log4j-api\2.24.3\log4j-api-2.24.3.jar;C:\Users\ASUS\.m2\repository\org\slf4j\jul-to-slf4j\2.0.17\jul-to-slf4j-2.0.17.jar;C:\Users\ASUS\.m2\repository\jakarta\annotation\jakarta.annotation-api\2.1.1\jakarta.annotation-api-2.1.1.jar;C:\Users\ASUS\.m2\repository\org\yaml\snakeyaml\2.3\snakeyaml-2.3.jar;C:\Users\ASUS\.m2\repository\org\springframework\boot\spring-boot-starter-jdbc\3.4.4\spring-boot-starter-jdbc-3.4.4.jar;C:\Users\ASUS\.m2\repository\com\zaxxer\HikariCP\5.1.0\HikariCP-5.1.0.jar;C:\Users\ASUS\.m2\repository\org\springframework\spring-jdbc\6.2.5\spring-jdbc-6.2.5.jar;C:\Users\ASUS\.m2\repository\org\hibernate\orm\hibernate-core\6.6.11.Final\hibernate-core-6.6.11.Final.jar;C:\Users\ASUS\.m2\repository\jakarta\persistence\jakarta.persistence-api\3.1.0\jakarta.persistence-api-3.1.0.jar;C:\Users\ASUS\.m2\repository\jakarta\transaction\jakarta.transaction-api\2.0.1\jakarta.transaction-api-2.0.1.jar;C:\Users\ASUS\.m2\repository\org\jboss\logging\jboss-logging\3.6.1.Final\jboss-logging-3.6.1.Final.jar;C:\Users\ASUS\.m2\repository\org\hibernate\common\hibernate-commons-annotations\7.0.3.Final\hibernate-commons-annotations-7.0.3.Final.jar;C:\Users\ASUS\.m2\repository\io\smallrye\jandex\3.2.0\jandex-3.2.0.jar;C:\Users\ASUS\.m2\repository\com\fasterxml\classmate\1.7.0\classmate-1.7.0.jar;C:\Users\ASUS\.m2\repository\net\bytebuddy\byte-buddy\1.15.11\byte-buddy-1.15.11.jar;C:\Users\ASUS\.m2\repository\org\glassfish\jaxb\jaxb-runtime\4.0.5\jaxb-runtime-4.0.5.jar;C:\Users\ASUS\.m2\repository\org\glassfish\jaxb\jaxb-core\4.0.5\jaxb-core-4.0.5.jar;C:\Users\ASUS\.m2\repository\org\eclipse\angus\angus-activation\2.0.2\angus-activation-2.0.2.jar;C:\Users\ASUS\.m2\repository\org\glassfish\jaxb\txw2\4.0.5\txw2-4.0.5.jar;C:\Users\ASUS\.m2\repository\com\sun\istack\istack-commons-runtime\4.1.2\istack-commons-runtime-4.1.2.jar;C:\Users\ASUS\.m2\repository\jakarta\inject\jakarta.inject-api\2.0.1\jakarta.inject-api-2.0.1.jar;C:\Users\ASUS\.m2\repository\org\antlr\antlr4-runtime\4.13.0\antlr4-runtime-4.13.0.jar;C:\Users\ASUS\.m2\repository\org\springframework\data\spring-data-jpa\3.4.4\spring-data-jpa-3.4.4.jar;C:\Users\ASUS\.m2\repository\org\springframework\data\spring-data-commons\3.4.4\spring-data-commons-3.4.4.jar;C:\Users\ASUS\.m2\repository\org\springframework\spring-orm\6.2.5\spring-orm-6.2.5.jar;C:\Users\ASUS\.m2\repository\org\springframework\spring-context\6.2.5\spring-context-6.2.5.jar;C:\Users\ASUS\.m2\repository\org\springframework\spring-aop\6.2.5\spring-aop-6.2.5.jar;C:\Users\ASUS\.m2\repository\org\springframework\spring-tx\6.2.5\spring-tx-6.2.5.jar;C:\Users\ASUS\.m2\repository\org\springframework\spring-beans\6.2.5\spring-beans-6.2.5.jar;C:\Users\ASUS\.m2\repository\org\slf4j\slf4j-api\2.0.17\slf4j-api-2.0.17.jar;C:\Users\ASUS\.m2\repository\org\springframework\spring-aspects\6.2.5\spring-aspects-6.2.5.jar;C:\Users\ASUS\.m2\repository\org\aspectj\aspectjweaver\1.9.23\aspectjweaver-1.9.23.jar;C:\Users\ASUS\.m2\repository\org\springframework\boot\spring-boot-starter-web\3.4.4\spring-boot-starter-web-3.4.4.jar;C:\Users\ASUS\.m2\repository\org\springframework\boot\spring-boot-starter-json\3.4.4\spring-boot-starter-json-3.4.4.jar;C:\Users\ASUS\.m2\repository\com\fasterxml\jackson\core\jackson-databind\2.18.3\jackson-databind-2.18.3.jar;C:\Users\ASUS\.m2\repository\com\fasterxml\jackson\core\jackson-annotations\2.18.3\jackson-annotations-2.18.3.jar;C:\Users\ASUS\.m2\repository\com\fasterxml\jackson\core\jackson-core\2.18.3\jackson-core-2.18.3.jar;C:\Users\ASUS\.m2\repository\com\fasterxml\jackson\datatype\jackson-datatype-jdk8\2.18.3\jackson-datatype-jdk8-2.18.3.jar;C:\Users\ASUS\.m2\repository\com\fasterxml\jackson\datatype\jackson-datatype-jsr310\2.18.3\jackson-datatype-jsr310-2.18.3.jar;C:\Users\ASUS\.m2\repository\com\fasterxml\jackson\module\jackson-module-parameter-names\2.18.3\jackson-module-parameter-names-2.18.3.jar;C:\Users\ASUS\.m2\repository\org\springframework\boot\spring-boot-starter-tomcat\3.4.4\spring-boot-starter-tomcat-3.4.4.jar;C:\Users\ASUS\.m2\repository\org\apache\tomcat\embed\tomcat-embed-core\10.1.39\tomcat-embed-core-10.1.39.jar;C:\Users\ASUS\.m2\repository\org\apache\tomcat\embed\tomcat-embed-el\10.1.39\tomcat-embed-el-10.1.39.jar;C:\Users\ASUS\.m2\repository\org\apache\tomcat\embed\tomcat-embed-websocket\10.1.39\tomcat-embed-websocket-10.1.39.jar;C:\Users\ASUS\.m2\repository\org\springframework\spring-web\6.2.5\spring-web-6.2.5.jar;C:\Users\ASUS\.m2\repository\io\micrometer\micrometer-observation\1.14.5\micrometer-observation-1.14.5.jar;C:\Users\ASUS\.m2\repository\io\micrometer\micrometer-commons\1.14.5\micrometer-commons-1.14.5.jar;C:\Users\ASUS\.m2\repository\org\springframework\spring-webmvc\6.2.5\spring-webmvc-6.2.5.jar;C:\Users\ASUS\.m2\repository\org\springframework\spring-expression\6.2.5\spring-expression-6.2.5.jar;C:\Users\ASUS\.m2\repository\org\postgresql\postgresql\42.7.5\postgresql-42.7.5.jar;C:\Users\ASUS\.m2\repository\org\checkerframework\checker-qual\3.48.3\checker-qual-3.48.3.jar;C:\Users\ASUS\.m2\repository\org\projectlombok\lombok\1.18.36\lombok-1.18.36.jar;C:\Users\ASUS\.m2\repository\jakarta\xml\bind\jakarta.xml.bind-api\4.0.2\jakarta.xml.bind-api-4.0.2.jar;C:\Users\ASUS\.m2\repository\jakarta\activation\jakarta.activation-api\2.1.3\jakarta.activation-api-2.1.3.jar;C:\Users\ASUS\.m2\repository\org\springframework\spring-core\6.2.5\spring-core-6.2.5.jar;C:\Users\ASUS\.m2\repository\org\springframework\spring-jcl\6.2.5\spring-jcl-6.2.5.jar;C:\Users\ASUS\.m2\repository\org\modelmapper\modelmapper\3.2.2\modelmapper-3.2.2.jar
Launcher Type: SUN_STANDARD

[Global flags]
     intx CICompilerCount                          = 4                                         {product} {ergonomic}
     uint ConcGCThreads                            = 2                                         {product} {ergonomic}
     uint G1ConcRefinementThreads                  = 8                                         {product} {ergonomic}
   size_t G1HeapRegionSize                         = 1048576                                   {product} {ergonomic}
   size_t InitialHeapSize                          = 132120576                                 {product} {ergonomic}
   size_t MarkStackSize                            = 4194304                                   {product} {ergonomic}
   size_t MaxHeapSize                              = 2105540608                                {product} {ergonomic}
   size_t MaxNewSize                               = 1262485504                                {product} {ergonomic}
   size_t MinHeapDeltaBytes                        = 1048576                                   {product} {ergonomic}
   size_t MinHeapSize                              = 8388608                                   {product} {ergonomic}
    uintx NonNMethodCodeHeapSize                   = 5839372                                {pd product} {ergonomic}
    uintx NonProfiledCodeHeapSize                  = 122909434                              {pd product} {ergonomic}
    uintx ProfiledCodeHeapSize                     = 122909434                              {pd product} {ergonomic}
    uintx ReservedCodeCacheSize                    = 251658240                              {pd product} {ergonomic}
     bool SegmentedCodeCache                       = true                                      {product} {ergonomic}
   size_t SoftMaxHeapSize                          = 2105540608                             {manageable} {ergonomic}
     bool UseCompressedOops                        = true                           {product lp64_product} {ergonomic}
     bool UseG1GC                                  = true                                      {product} {ergonomic}
     bool UseLargePagesIndividualAllocation        = false                                  {pd product} {ergonomic}

Logging:
Log output configuration:
 #0: stdout all=warning uptime,level,tags foldmultilines=false
 #1: stderr all=off uptime,level,tags foldmultilines=false

Environment Variables:
JAVA_HOME=C:\Program Files\Java\jdk-22
CLASSPATH=C:\mysql-connector-j-9.0.0.jar;.;
PATH=C:\Program Files\Python313\Scripts\;C:\Program Files\Python313\;C:\Program Files\Common Files\Oracle\Java\javapath;C:\Windows\system32;C:\Windows;C:\Windows\System32\Wbem;C:\Windows\System32\WindowsPowerShell\v1.0\;C:\Windows\System32\OpenSSH\;C:\Program Files (x86)\NVIDIA Corporation\PhysX\Common;C:\Program Files\NVIDIA Corporation\NVIDIA NvDLISR;"C:\msys64\usr\bin;C:\msys64\mingw64\bin;C:\Program Files\Java\jdk-22\bin";C:\Program Files\MySQL\MySQL Server 8.0\bin;C:\WINDOWS\system32;C:\WINDOWS;C:\WINDOWS\System32\Wbem;C:\WINDOWS\System32\WindowsPowerShell\v1.0\;C:\WINDOWS\System32\OpenSSH\;C:\ProgramData\chocolatey\bin;C:\Program Files\nodejs\;C:\Program Files\Git\cmd;C:\Program Files\PostgreSQL\17\bin;C:\Program Files\Docker\Docker\resources\bin;C:\Program Files\Apache Software Foundation\apache-maven-3.9.9\bin;C:\Users\ASUS\AppData\Roaming\Flow;C:\Program Files\MySQL\MySQL Shell 8.0\bin\;C:\Users\ASUS\AppData\Local\Microsoft\WindowsApps;C:\Users\ASUS\AppData\Local\Programs\Microsoft VS Code\bin;C:\Users\ASUS\AppData\Roaming\npm;C:\Users\ASUS\AppData\Local\GitHubDesktop\bin;C:\Program Files\JetBrains\IntelliJ IDEA Community Edition 2024.1.4\bin;;C:\Users\ASUS\.deno\bin;C:\Program Files\JetBrains\IntelliJ IDEA 2024.3.1.1\bin;;C:\Users\ASUS\AppData\Local\Microsoft\WindowsApps;C:\Users\ASUS\AppData\Roaming\Flow
USERNAME=ASUS
OS=Windows_NT
PROCESSOR_IDENTIFIER=Intel64 Family 6 Model 165 Stepping 2, GenuineIntel
TMP=C:\Users\ASUS\AppData\Local\Temp
TEMP=C:\Users\ASUS\AppData\Local\Temp




Periodic native trim disabled

---------------  S Y S T E M  ---------------

OS:
 Windows 11 , 64 bit Build 26100 (10.0.26100.3323)
OS uptime: 11 days 22:15 hours
Hyper-V role detected

CPU: total 8 (initial active 8) (4 cores per cpu, 2 threads per core) family 6 model 165 stepping 2 microcode 0xe0, cx8, cmov, fxsr, ht, mmx, 3dnowpref, sse, sse2, sse3, ssse3, sse4.1, sse4.2, popcnt, lzcnt, tsc, tscinvbit, avx, avx2, aes, erms, clmul, bmi1, bmi2, adx, fma, vzeroupper, clflush, clflushopt, hv, rdtscp, f16c
Processor Information for all 8 processors :
  Max Mhz: 2496, Current Mhz: 2496, Mhz Limit: 2496

Memory: 4k page, system-wide physical 8029M (719M free)
TotalPageFile size 32605M (AvailPageFile size 12M)
current process WorkingSet (physical memory assigned to process): 258M, peak: 261M
current process commit charge ("private bytes"): 304M, peak: 307M

vm_info: Java HotSpot(TM) 64-Bit Server VM (22.0.1+8-16) for windows-amd64 JRE (22.0.1+8-16), built on 2024-03-12T10:33:16Z by "mach5one" with MS VC++ 17.6 (VS2022)

END.
